0 info it worked if it ends with ok
1 verbose cli [
1 verbose cli   'C:\\Program Files\\nodejs\\node.exe',
1 verbose cli   'C:\\Users\\samarmeena\\node_modules\\npm\\bin\\npm-cli.js',
1 verbose cli   'run',
1 verbose cli   'build:fixup'
1 verbose cli ]
2 info using npm@2.15.12
3 info using node@v17.0.1
4 verbose run-script [ 'prebuild:fixup', 'build:fixup', 'postbuild:fixup' ]
5 info prebuild:fixup aviationweather@1.4.0
6 info build:fixup aviationweather@1.4.0
7 verbose unsafe-perm in lifecycle true
8 info aviationweather@1.4.0 Failed to exec build:fixup script
9 verbose stack Error: aviationweather@1.4.0 build:fixup: `node --loader ts-node/esm scripts/fixup.mjs`
9 verbose stack Exit status 1
9 verbose stack     at EventEmitter.<anonymous> (C:\Users\samarmeena\node_modules\npm\lib\utils\lifecycle.js:217:16)
9 verbose stack     at EventEmitter.emit (node:events:390:28)
9 verbose stack     at ChildProcess.<anonymous> (C:\Users\samarmeena\node_modules\npm\lib\utils\spawn.js:24:14)
9 verbose stack     at ChildProcess.emit (node:events:390:28)
9 verbose stack     at maybeClose (node:internal/child_process:1062:16)
9 verbose stack     at Process.ChildProcess._handle.onexit (node:internal/child_process:301:5)
10 verbose pkgid aviationweather@1.4.0
11 verbose cwd C:\Users\samarmeena\Downloads\discordx\aviationweather
12 error Windows_NT 10.0.19043
13 error argv "C:\\Program Files\\nodejs\\node.exe" "C:\\Users\\samarmeena\\node_modules\\npm\\bin\\npm-cli.js" "run" "build:fixup"
14 error node v17.0.1
15 error npm  v2.15.12
16 error code ELIFECYCLE
17 error aviationweather@1.4.0 build:fixup: `node --loader ts-node/esm scripts/fixup.mjs`
17 error Exit status 1
18 error Failed at the aviationweather@1.4.0 build:fixup script 'node --loader ts-node/esm scripts/fixup.mjs'.
18 error This is most likely a problem with the aviationweather package,
18 error not with npm itself.
18 error Tell the author that this fails on your system:
18 error     node --loader ts-node/esm scripts/fixup.mjs
18 error You can get information on how to open an issue for this project with:
18 error     npm bugs aviationweather
18 error Or if that isn't available, you can get their info via:
18 error
18 error     npm owner ls aviationweather
18 error There is likely additional logging output above.
19 verbose exit [ 1, true ]
